<?xml version="1.0" encoding="UTF-8"?>
<!-- Generated by org.testng.reporters.JUnitXMLReporter -->
<testsuite ignored="1" hostname="Hp-15s-FR2006TU" failures="0" tests="3" name="Test1" time="31.473" errors="0" timestamp="2023-03-11T11:37:59 IST">
  <testcase classname="com.web.orangehrm.loginPage" name="initElements" time="22.882"/>
  <testcase classname="com.web.orangehrm.loginPage" name="loginTest" time="6.406"/>
  <testcase classname="com.web.orangehrm.homePage" name="profilecheck" time="2.145"/>
  <testcase classname="com.web.orangehrm.setupClass" name="@AfterSuite tearDown" time="0.0">
    <ignored/>
  </testcase> <!-- @AfterSuite tearDown -->
</testsuite> <!-- Test1 -->
