<?xml version="1.0" encoding="UTF-8"?>
<!-- Generated by org.testng.reporters.JUnitXMLReporter -->
<testsuite ignored="1" hostname="Hp-15s-FR2006TU" failures="0" tests="3" name="Test1" time="21.254" errors="0" timestamp="2023-03-10T10:20:23 IST">
  <testcase classname="com.web.orangehrm.loginPage" name="initElements" time="12.887"/>
  <testcase classname="com.web.orangehrm.loginPage" name="loginTest" time="6.098"/>
  <testcase classname="com.web.orangehrm.homePage" name="profilecheck" time="2.217"/>
  <testcase classname="com.web.orangehrm.setupClass" name="@AfterSuite tearDown" time="0.0">
    <ignored/>
  </testcase> <!-- @AfterSuite tearDown -->
</testsuite> <!-- Test1 -->
