<?xml version="1.0" encoding="UTF-8"?>
<testng-results ignored="0" total="1" passed="1" failed="0" skipped="0">
  <reporter-output>
  </reporter-output>
  <suite started-at="2023-03-09T15:56:00 IST" name="Surefire suite" finished-at="2023-03-09T15:56:08 IST" duration-ms="8003">
    <groups>
    </groups>
    <test started-at="2023-03-09T15:56:00 IST" name="Surefire test" finished-at="2023-03-09T15:56:08 IST" duration-ms="8003">
      <class name="com.web.orangehrm.loginTest">
        <test-method signature="login()[pri:0, instance:com.web.orangehrm.loginTest@27ae2fd0]" started-at="2023-03-09T15:56:00 IST" name="login" finished-at="2023-03-09T15:56:06 IST" duration-ms="5767" status="PASS">
          <reporter-output>
          </reporter-output>
        </test-method> <!-- login -->
        <test-method is-config="true" signature="teadDown()[pri:0, instance:com.web.orangehrm.loginTest@27ae2fd0]" started-at="2023-03-09T15:56:06 IST" name="teadDown" finished-at="2023-03-09T15:56:08 IST" duration-ms="2202" status="PASS">
          <reporter-output>
          </reporter-output>
        </test-method> <!-- teadDown -->
      </class> <!-- com.web.orangehrm.loginTest -->
    </test> <!-- Surefire test -->
  </suite> <!-- Surefire suite -->
</testng-results>
